2024-04-16T08:59:33.107571-0300 INFO Chamando função 'pipeline_calcular_kpi_de_vendas_consolidado' com args ('data', ['csv']) e kwargs {} utils_log.py
2024-04-16T08:59:33.107723-0300 INFO Chamando função 'extrair_dados_e_consolidar' com args ('data',) e kwargs {} utils_log.py
2024-04-16T08:59:33.120181-0300 INFO Função 'extrair_dados_e_consolidar' retornou             Produto    Categoria  Quantidade  Venda        Data
0    Notebook Gamer  Eletrônicos           7   1500  2023-01-16
1     Mouse Sem Fio  Eletrônicos          10     30  2023-01-16
2  Teclado Mecânico  Eletrônicos           3    100  2023-01-16
3    Notebook Gamer  Eletrônicos           2   1500  2023-01-17
4     Mouse Sem Fio  Eletrônicos          14     30  2023-01-17
5  Teclado Mecânico  Eletrônicos           2    100  2023-01-17
6    Notebook Gamer  Eletrônicos           3   1500  2023-01-15
7     Mouse Sem Fio  Eletrônicos          10     30  2023-01-15
8  Teclado Mecânico  Eletrônicos           5    100  2023-01-15 utils_log.py
2024-04-16T08:59:33.123471-0300 INFO Chamando função 'calcular_kpi_de_total_de_vendas' com args (            Produto    Categoria  Quantidade  Venda        Data
0    Notebook Gamer  Eletrônicos           7   1500  2023-01-16
1     Mouse Sem Fio  Eletrônicos          10     30  2023-01-16
2  Teclado Mecânico  Eletrônicos           3    100  2023-01-16
3    Notebook Gamer  Eletrônicos           2   1500  2023-01-17
4     Mouse Sem Fio  Eletrônicos          14     30  2023-01-17
5  Teclado Mecânico  Eletrônicos           2    100  2023-01-17
6    Notebook Gamer  Eletrônicos           3   1500  2023-01-15
7     Mouse Sem Fio  Eletrônicos          10     30  2023-01-15
8  Teclado Mecânico  Eletrônicos           5    100  2023-01-15,) e kwargs {} utils_log.py
2024-04-16T08:59:33.127480-0300 INFO Função 'calcular_kpi_de_total_de_vendas' retornou             Produto    Categoria  Quantidade  Venda        Data  Total
0    Notebook Gamer  Eletrônicos           7   1500  2023-01-16  10500
1     Mouse Sem Fio  Eletrônicos          10     30  2023-01-16    300
2  Teclado Mecânico  Eletrônicos           3    100  2023-01-16    300
3    Notebook Gamer  Eletrônicos           2   1500  2023-01-17   3000
4     Mouse Sem Fio  Eletrônicos          14     30  2023-01-17    420
5  Teclado Mecânico  Eletrônicos           2    100  2023-01-17    200
6    Notebook Gamer  Eletrônicos           3   1500  2023-01-15   4500
7     Mouse Sem Fio  Eletrônicos          10     30  2023-01-15    300
8  Teclado Mecânico  Eletrônicos           5    100  2023-01-15    500 utils_log.py
2024-04-16T08:59:33.130766-0300 INFO Chamando função 'carregar_dados' com args (            Produto    Categoria  Quantidade  Venda        Data  Total
0    Notebook Gamer  Eletrônicos           7   1500  2023-01-16  10500
1     Mouse Sem Fio  Eletrônicos          10     30  2023-01-16    300
2  Teclado Mecânico  Eletrônicos           3    100  2023-01-16    300
3    Notebook Gamer  Eletrônicos           2   1500  2023-01-17   3000
4     Mouse Sem Fio  Eletrônicos          14     30  2023-01-17    420
5  Teclado Mecânico  Eletrônicos           2    100  2023-01-17    200
6    Notebook Gamer  Eletrônicos           3   1500  2023-01-15   4500
7     Mouse Sem Fio  Eletrônicos          10     30  2023-01-15    300
8  Teclado Mecânico  Eletrônicos           5    100  2023-01-15    500, ['csv']) e kwargs {} utils_log.py
2024-04-16T08:59:33.134003-0300 INFO Função 'carregar_dados' retornou None utils_log.py
2024-04-16T08:59:33.134143-0300 INFO Função 'pipeline_calcular_kpi_de_vendas_consolidado' retornou None utils_log.py
2024-04-16T09:11:54.772061-0300 INFO Chamando função 'soma' com args (2, 3) e kwargs {} utils_log.py
2024-04-16T09:11:54.772231-0300 INFO Função 'soma' retornou 5 utils_log.py
2024-04-16T09:11:54.772314-0300 INFO Chamando função 'soma' com args (2, 7) e kwargs {} utils_log.py
2024-04-16T09:11:54.772385-0300 INFO Função 'soma' retornou 9 utils_log.py
2024-04-16T09:11:54.772468-0300 INFO Chamando função 'soma' com args (2, '3') e kwargs {} utils_log.py
2024-04-16T09:11:54.772561-0300 ERROR Exceção capturada em 'soma': unsupported operand type(s) for +: 'int' and 'str' utils_log.py
Traceback (most recent call last):

  File "/home/faust/Projetos/EngDados/aula09_bootcamp/exemplo_00.py", line 13, in <module>
    soma(2,"3")
    └ <function soma at 0x7e3aecb14180>

> File "/home/faust/Projetos/EngDados/aula09_bootcamp/utils_log.py", line 24, in wrapper
    result = func(*args, **kwargs)
             │     │       └ {}
             │     └ (2, '3')
             └ <function soma at 0x7e3aecf862a0>

  File "/home/faust/Projetos/EngDados/aula09_bootcamp/exemplo_00.py", line 7, in soma
    return x + y
           │   └ '3'
           └ 2

TypeError: unsupported operand type(s) for +: 'int' and 'str'
2024-04-16T09:12:32.835846-0300 INFO Função 'soma' executada em 2.0001 segundos decorator_timer.py
2024-04-16T09:12:34.836565-0300 INFO Função 'soma' executada em 2.0001 segundos decorator_timer.py
